c:\users\sinsd\desktop\새 폴더\chapter\skyos32\intermediate\vc141.pdb
c:\users\sinsd\desktop\새 폴더\chapter\skyos32\intermediate\skyconsole.obj
c:\users\sinsd\desktop\새 폴더\chapter\skyos32\intermediate\skyapi.obj
c:\users\sinsd\desktop\새 폴더\chapter\skyos32\intermediate\kmain.obj
c:\users\sinsd\desktop\새 폴더\chapter\skyos32\intermediate\pit.obj
c:\users\sinsd\desktop\새 폴더\chapter\skyos32\intermediate\pic.obj
c:\users\sinsd\desktop\새 폴더\chapter\skyos32\intermediate\idt.obj
c:\users\sinsd\desktop\새 폴더\chapter\skyos32\intermediate\hal.obj
c:\users\sinsd\desktop\새 폴더\chapter\skyos32\intermediate\gdt.obj
c:\users\sinsd\desktop\새 폴더\chapter\skyos32\intermediate\fpu.obj
c:\users\sinsd\desktop\새 폴더\mykernel\skyos32\intermediate\vc141.pdb
c:\users\sinsd\desktop\새 폴더\mykernel\skyos32\intermediate\skyconsole.obj
c:\users\sinsd\desktop\새 폴더\mykernel\skyos32\intermediate\skyapi.obj
c:\users\sinsd\desktop\새 폴더\mykernel\skyos32\intermediate\kmain.obj
c:\users\sinsd\desktop\새 폴더\mykernel\skyos32\intermediate\pit.obj
c:\users\sinsd\desktop\새 폴더\mykernel\skyos32\intermediate\pic.obj
c:\users\sinsd\desktop\새 폴더\mykernel\skyos32\intermediate\idt.obj
c:\users\sinsd\desktop\새 폴더\mykernel\skyos32\intermediate\hal.obj
c:\users\sinsd\desktop\새 폴더\mykernel\skyos32\intermediate\gdt.obj
c:\users\sinsd\desktop\새 폴더\mykernel\skyos32\intermediate\fpu.obj
c:\users\sinsd\onedrive\study\os_study\project\mykernel\skyos32\intermediate\vc141.pdb
c:\users\sinsd\onedrive\study\os_study\project\mykernel\skyos32\intermediate\skyconsole.obj
c:\users\sinsd\onedrive\study\os_study\project\mykernel\skyos32\intermediate\skyapi.obj
c:\users\sinsd\onedrive\study\os_study\project\mykernel\skyos32\intermediate\kmain.obj
c:\users\sinsd\onedrive\study\os_study\project\mykernel\skyos32\intermediate\pit.obj
c:\users\sinsd\onedrive\study\os_study\project\mykernel\skyos32\intermediate\pic.obj
c:\users\sinsd\onedrive\study\os_study\project\mykernel\skyos32\intermediate\idt.obj
c:\users\sinsd\onedrive\study\os_study\project\mykernel\skyos32\intermediate\hal.obj
c:\users\sinsd\onedrive\study\os_study\project\mykernel\skyos32\intermediate\gdt.obj
c:\users\sinsd\onedrive\study\os_study\project\mykernel\skyos32\intermediate\fpu.obj
c:\users\sinsd\onedrive\study\os_study\project\mykernel\skyos32\intermediate\skytest.obj
c:\users\sinsd\onedrive\study\os_study\project\mykernel\skyos32\intermediate\initkernel.obj
c:\users\sinsd\onedrive\study\os_study\project\mykernel\skyos32\intermediate\exception.obj
c:\users\sinsd\desktop\새 폴더\chapter\debug\skyos32.exe
c:\users\sinsd\desktop\새 폴더\chapter\debug\skyos32.map
c:\users\sinsd\desktop\새 폴더\mykernel\debug\skyos32.exe
c:\users\sinsd\desktop\새 폴더\mykernel\debug\skyos32.map
c:\users\sinsd\onedrive\study\os_study\project\mykernel\debug\skyos32.exe
c:\users\sinsd\onedrive\study\os_study\project\mykernel\debug\skyos32.map
